Build started 3/6/2013 11:43:34 AM.
     1>Project "E:\School\Advanced Physics\Advanced_physics_dice\ragdoll\ragdoll.vcxproj" on node 2 (build target(s)).
     1>InitializeBuildStatus:
         Creating "Debug\ragdoll.unsuccessfulbuild" because "AlwaysCreate" was specified.
       ClCompile:
         C:\Program Files (x86)\Microsoft Visual Studio 10.0\VC\bin\CL.exe /c /I"E:\School\Advanced Physics\Advanced_physics_ragdoll\ragdoll\include" /ZI /nologo /W3 /WX- /Od /Oy- /D WIN32 /D _DEBUG /D _CONSOLE /D _UNICODE /D UNICODE /Gm /EHsc /RTC1 /MTd /GS /fp:precise /Zc:wchar_t /Zc:forScope /Yc"StdAfx.h" /Fp"Debug\ragdoll.pch" /Fo"Debug\\" /Fd"Debug\vc100.pdb" /Gd /TP /analyze- /errorReport:prompt stdafx.cpp
         stdafx.cpp
         C:\Program Files (x86)\Microsoft Visual Studio 10.0\VC\bin\CL.exe /c /I"E:\School\Advanced Physics\Advanced_physics_ragdoll\ragdoll\include" /ZI /nologo /W3 /WX- /Od /Oy- /D WIN32 /D _DEBUG /D _CONSOLE /D _UNICODE /D UNICODE /Gm /EHsc /RTC1 /MTd /GS /fp:precise /Zc:wchar_t /Zc:forScope /Fo"Debug\\" /Fd"Debug\vc100.pdb" /Gd /TP /analyze- /errorReport:prompt "..\..\cyclone-physics-master\src\demos\main.cpp" TableTop.cpp dice.cpp
         dice.cpp
         TableTop.cpp
         main.cpp
         Generating Code...
       ManifestResourceCompile:
         All outputs are up-to-date.
       Link:
         C:\Program Files (x86)\Microsoft Visual Studio 10.0\VC\bin\link.exe /ERRORREPORT:PROMPT /OUT:"E:\School\Advanced Physics\Advanced_physics_dice\Debug\ragdoll.exe" /INCREMENTAL /NOLOGO /LIBPATH:"E:\School\Advanced Physics\Advanced_physics_ragdoll\ragdoll\lib" cyclone_d.lib opengl32.lib glu32.lib glut32.lib winmm.lib kernel32.lib user32.lib gdi32.lib winspool.lib comdlg32.lib advapi32.lib shell32.lib ole32.lib oleaut32.lib uuid.lib odbc32.lib odbccp32.lib /MANIFEST /ManifestFile:"Debug\ragdoll.exe.intermediate.manifest" /MANIFESTUAC:"level='asInvoker' uiAccess='false'" /DEBUG /PDB:"E:\School\Advanced Physics\Advanced_physics_dice\Debug\ragdoll.pdb" /SUBSYSTEM:CONSOLE /TLBID:1 /DYNAMICBASE /NXCOMPAT /IMPLIB:"E:\School\Advanced Physics\Advanced_physics_dice\Debug\ragdoll.lib" /MACHINE:X86 Debug\ragdoll.exe.embed.manifest.res
         Debug\app.obj
         Debug\main.obj
         Debug\timing.obj
         Debug\dice.obj
         Debug\stdafx.obj
         Debug\TableTop.obj
       Manifest:
         C:\Program Files (x86)\Microsoft SDKs\Windows\v7.0A\bin\mt.exe /nologo /verbose /out:"Debug\ragdoll.exe.embed.manifest" /manifest Debug\ragdoll.exe.intermediate.manifest
         All outputs are up-to-date.
       LinkEmbedManifest:
         All outputs are up-to-date.
         ragdoll.vcxproj -> E:\School\Advanced Physics\Advanced_physics_dice\Debug\ragdoll.exe
       FinalizeBuildStatus:
         Deleting file "Debug\ragdoll.unsuccessfulbuild".
         Touching "Debug\ragdoll.lastbuildstate".
     1>Done Building Project "E:\School\Advanced Physics\Advanced_physics_dice\ragdoll\ragdoll.vcxproj" (build target(s)).

Build succeeded.

Time Elapsed 00:00:07.18
